c:\users\zero\source\repos\willofthewispstas\wotw.tas\x64\debug\wotw.tas.pch
c:\users\zero\source\repos\willofthewispstas\wotw.tas\x64\debug\vc141.pdb
c:\users\zero\source\repos\willofthewispstas\wotw.tas\x64\debug\vc141.idb
c:\users\zero\source\repos\willofthewispstas\wotw.tas\x64\debug\stdafx.obj
c:\users\zero\source\repos\willofthewispstas\wotw.tas\x64\debug\seincombohandler.obj
c:\users\zero\source\repos\willofthewispstas\wotw.tas\x64\debug\seincharacter.obj
c:\users\zero\source\repos\willofthewispstas\wotw.tas\x64\debug\screen.obj
c:\users\zero\source\repos\willofthewispstas\wotw.tas\x64\debug\scenesmanager.obj
c:\users\zero\source\repos\willofthewispstas\wotw.tas\x64\debug\rigidbody.obj
c:\users\zero\source\repos\willofthewispstas\wotw.tas\x64\debug\restrictabilitycontroller.obj
c:\users\zero\source\repos\willofthewispstas\wotw.tas\x64\debug\qualitysettings.obj
c:\users\zero\source\repos\willofthewispstas\wotw.tas\x64\debug\playbackmanager.obj
c:\users\zero\source\repos\willofthewispstas\wotw.tas\x64\debug\instantloadscenescontroller.obj
c:\users\zero\source\repos\willofthewispstas\wotw.tas\x64\debug\iniparser.obj
c:\users\zero\source\repos\willofthewispstas\wotw.tas\x64\debug\gui.obj
c:\users\zero\source\repos\willofthewispstas\wotw.tas\x64\debug\gamesettings.obj
c:\users\zero\source\repos\willofthewispstas\wotw.tas\x64\debug\gamecontroller.obj
c:\users\zero\source\repos\willofthewispstas\wotw.tas\x64\debug\fixedrandom.obj
c:\users\zero\source\repos\willofthewispstas\wotw.tas\x64\debug\everythingneedsme.obj
c:\users\zero\source\repos\willofthewispstas\wotw.tas\x64\debug\easyhookutils.obj
c:\users\zero\source\repos\willofthewispstas\wotw.tas\x64\debug\dllmain.obj
c:\users\zero\source\repos\willofthewispstas\wotw.tas\x64\debug\core_input.obj
c:\users\zero\source\repos\willofthewispstas\wotw.tas\x64\debug\configurationmanager.obj
c:\users\zero\source\repos\willofthewispstas\wotw.tas\x64\debug\cmd.obj
c:\users\zero\source\repos\willofthewispstas\wotw.tas\x64\debug\wotw.tas.obj
c:\users\zero\source\repos\willofthewispstas\wotw.tas\x64\debug\unityplayer.obj
c:\users\zero\source\repos\willofthewispstas\wotw.tas\x64\debug\unityengine_input.obj
c:\users\zero\source\repos\willofthewispstas\wotw.tas\x64\debug\unityengineevent.obj
c:\users\zero\source\repos\willofthewispstas\wotw.tas\x64\debug\unityanimator.obj
c:\users\zero\source\repos\willofthewispstas\wotw.tas\x64\debug\ui_cameras.obj
c:\users\zero\source\repos\willofthewispstas\wotw.tas\x64\debug\seinwalljump.obj
c:\users\zero\source\repos\willofthewispstas\wotw.tas\x64\debug\seindashnew.obj
c:\users\zero\source\repos\willofthewispstas\x64\debug\wotw.tas.ilk
c:\users\zero\source\repos\willofthewispstas\x64\debug\wotw.tas.dll
c:\users\zero\source\repos\willofthewispstas\x64\debug\wotw.tas.pdb
c:\users\zero\source\repos\willofthewispstas\x64\debug\wotw.tas.lib
c:\users\zero\source\repos\willofthewispstas\x64\debug\wotw.tas.exp
c:\users\zero\source\repos\willofthewispstas\wotw.tas\x64\debug\wotw.tas.tlog\cl.command.1.tlog
c:\users\zero\source\repos\willofthewispstas\wotw.tas\x64\debug\wotw.tas.tlog\cl.read.1.tlog
c:\users\zero\source\repos\willofthewispstas\wotw.tas\x64\debug\wotw.tas.tlog\cl.write.1.tlog
c:\users\zero\source\repos\willofthewispstas\wotw.tas\x64\debug\wotw.tas.tlog\link.command.1.tlog
c:\users\zero\source\repos\willofthewispstas\wotw.tas\x64\debug\wotw.tas.tlog\link.read.1.tlog
c:\users\zero\source\repos\willofthewispstas\wotw.tas\x64\debug\wotw.tas.tlog\link.write.1.tlog
c:\users\zero\source\repos\willofthewispstas\wotw.tas\x64\debug\wotw.tas.tlog\wotw.tas.write.1u.tlog
