  stdafx.cpp
  Cmd.cpp
  ConfigurationManager.cpp
c:\users\zero\source\repos\willofthewispstas\wotw.tas\string.h(47): warning C4267: '=': conversion from 'size_t' to 'unsigned long', possible loss of data
c:\users\zero\source\repos\willofthewispstas\wotw.tas\string.h(54): warning C4267: '=': conversion from 'size_t' to 'unsigned long', possible loss of data
c:\users\zero\source\repos\willofthewispstas\packages\easyhooknativepackage.2.7.7097\build\native\include\easyhook.h(39): warning C4005: 'NTDDI_VERSION': macro redefinition
  c:\program files (x86)\windows kits\10\include\10.0.17134.0\shared\sdkddkver.h(225): note: see previous definition of 'NTDDI_VERSION'
c:\users\zero\source\repos\willofthewispstas\packages\easyhooknativepackage.2.7.7097\build\native\include\easyhook.h(40): warning C4005: '_WIN32_WINNT': macro redefinition
  c:\program files (x86)\windows kits\10\include\10.0.17134.0\shared\sdkddkver.h(215): note: see previous definition of '_WIN32_WINNT'
  Core_Input.cpp
  dllmain.cpp
c:\users\zero\source\repos\willofthewispstas\packages\easyhooknativepackage.2.7.7097\build\native\include\easyhook.h(39): warning C4005: 'NTDDI_VERSION': macro redefinition
  c:\program files (x86)\windows kits\10\include\10.0.17134.0\shared\sdkddkver.h(225): note: see previous definition of 'NTDDI_VERSION'
c:\users\zero\source\repos\willofthewispstas\packages\easyhooknativepackage.2.7.7097\build\native\include\easyhook.h(40): warning C4005: '_WIN32_WINNT': macro redefinition
  c:\program files (x86)\windows kits\10\include\10.0.17134.0\shared\sdkddkver.h(215): note: see previous definition of '_WIN32_WINNT'
c:\users\zero\source\repos\willofthewispstas\wotw.tas\string.h(47): warning C4267: '=': conversion from 'size_t' to 'unsigned long', possible loss of data
c:\users\zero\source\repos\willofthewispstas\wotw.tas\string.h(54): warning C4267: '=': conversion from 'size_t' to 'unsigned long', possible loss of data
  EasyHookUtils.cpp
c:\users\zero\source\repos\willofthewispstas\packages\easyhooknativepackage.2.7.7097\build\native\include\easyhook.h(39): warning C4005: 'NTDDI_VERSION': macro redefinition
  c:\program files (x86)\windows kits\10\include\10.0.17134.0\shared\sdkddkver.h(225): note: see previous definition of 'NTDDI_VERSION'
c:\users\zero\source\repos\willofthewispstas\packages\easyhooknativepackage.2.7.7097\build\native\include\easyhook.h(40): warning C4005: '_WIN32_WINNT': macro redefinition
  c:\program files (x86)\windows kits\10\include\10.0.17134.0\shared\sdkddkver.h(215): note: see previous definition of '_WIN32_WINNT'
  EverythingNeedsMe.cpp
  FixedRandom.cpp
  GameController.cpp
c:\users\zero\source\repos\willofthewispstas\wotw.tas\string.h(47): warning C4267: '=': conversion from 'size_t' to 'unsigned long', possible loss of data
c:\users\zero\source\repos\willofthewispstas\wotw.tas\string.h(54): warning C4267: '=': conversion from 'size_t' to 'unsigned long', possible loss of data
c:\users\zero\source\repos\willofthewispstas\packages\easyhooknativepackage.2.7.7097\build\native\include\easyhook.h(39): warning C4005: 'NTDDI_VERSION': macro redefinition
  c:\program files (x86)\windows kits\10\include\10.0.17134.0\shared\sdkddkver.h(225): note: see previous definition of 'NTDDI_VERSION'
c:\users\zero\source\repos\willofthewispstas\packages\easyhooknativepackage.2.7.7097\build\native\include\easyhook.h(40): warning C4005: '_WIN32_WINNT': macro redefinition
  c:\program files (x86)\windows kits\10\include\10.0.17134.0\shared\sdkddkver.h(215): note: see previous definition of '_WIN32_WINNT'
c:\users\zero\source\repos\willofthewispstas\wotw.tas\gamecontroller.cpp(55): warning C4244: '=': conversion from 'int' to 'float', possible loss of data
  GameSettings.cpp
  GUI.cpp
c:\users\zero\source\repos\willofthewispstas\wotw.tas\string.h(47): warning C4267: '=': conversion from 'size_t' to 'unsigned long', possible loss of data
c:\users\zero\source\repos\willofthewispstas\wotw.tas\string.h(54): warning C4267: '=': conversion from 'size_t' to 'unsigned long', possible loss of data
  IniParser.cpp
c:\users\zero\source\repos\willofthewispstas\packages\easyhooknativepackage.2.7.7097\build\native\include\easyhook.h(39): warning C4005: 'NTDDI_VERSION': macro redefinition
  c:\program files (x86)\windows kits\10\include\10.0.17134.0\shared\sdkddkver.h(225): note: see previous definition of 'NTDDI_VERSION'
c:\users\zero\source\repos\willofthewispstas\packages\easyhooknativepackage.2.7.7097\build\native\include\easyhook.h(40): warning C4005: '_WIN32_WINNT': macro redefinition
  c:\program files (x86)\windows kits\10\include\10.0.17134.0\shared\sdkddkver.h(215): note: see previous definition of '_WIN32_WINNT'
  InstantLoadScenesController.cpp
  PlaybackManager.cpp
c:\users\zero\source\repos\willofthewispstas\packages\easyhooknativepackage.2.7.7097\build\native\include\easyhook.h(39): warning C4005: 'NTDDI_VERSION': macro redefinition
  c:\program files (x86)\windows kits\10\include\10.0.17134.0\shared\sdkddkver.h(225): note: see previous definition of 'NTDDI_VERSION'
c:\users\zero\source\repos\willofthewispstas\packages\easyhooknativepackage.2.7.7097\build\native\include\easyhook.h(40): warning C4005: '_WIN32_WINNT': macro redefinition
  c:\program files (x86)\windows kits\10\include\10.0.17134.0\shared\sdkddkver.h(215): note: see previous definition of '_WIN32_WINNT'
c:\users\zero\source\repos\willofthewispstas\wotw.tas\playbackmanager.cpp(253): warning C4267: 'return': conversion from 'size_t' to 'unsigned long', possible loss of data
c:\users\zero\source\repos\willofthewispstas\wotw.tas\playbackmanager.cpp(260): warning C4267: 'return': conversion from 'size_t' to 'unsigned long', possible loss of data
c:\users\zero\source\repos\willofthewispstas\wotw.tas\playbackmanager.cpp(608): warning C4477: 'sprintf' : format string '%u' requires an argument of type 'unsigned int', but variadic argument 1 has type 'unsigned __int64'
  c:\users\zero\source\repos\willofthewispstas\wotw.tas\playbackmanager.cpp(608): note: consider using '%llu' in the format string
  c:\users\zero\source\repos\willofthewispstas\wotw.tas\playbackmanager.cpp(608): note: consider using '%Iu' in the format string
  c:\users\zero\source\repos\willofthewispstas\wotw.tas\playbackmanager.cpp(608): note: consider using '%I64u' in the format string
  QualitySettings.cpp
  RestrictAbilityController.cpp
  Rigidbody.cpp
  ScenesManager.cpp
  Screen.cpp
  SeinCharacter.cpp
c:\users\zero\source\repos\willofthewispstas\packages\easyhooknativepackage.2.7.7097\build\native\include\easyhook.h(39): warning C4005: 'NTDDI_VERSION': macro redefinition
  c:\program files (x86)\windows kits\10\include\10.0.17134.0\shared\sdkddkver.h(225): note: see previous definition of 'NTDDI_VERSION'
c:\users\zero\source\repos\willofthewispstas\packages\easyhooknativepackage.2.7.7097\build\native\include\easyhook.h(40): warning C4005: '_WIN32_WINNT': macro redefinition
  c:\program files (x86)\windows kits\10\include\10.0.17134.0\shared\sdkddkver.h(215): note: see previous definition of '_WIN32_WINNT'
  SeinComboHandler.cpp
  Compiling...
  SeinDashNew.cpp
c:\users\zero\source\repos\willofthewispstas\packages\easyhooknativepackage.2.7.7097\build\native\include\easyhook.h(39): warning C4005: 'NTDDI_VERSION': macro redefinition
  c:\program files (x86)\windows kits\10\include\10.0.17134.0\shared\sdkddkver.h(225): note: see previous definition of 'NTDDI_VERSION'
c:\users\zero\source\repos\willofthewispstas\packages\easyhooknativepackage.2.7.7097\build\native\include\easyhook.h(40): warning C4005: '_WIN32_WINNT': macro redefinition
  c:\program files (x86)\windows kits\10\include\10.0.17134.0\shared\sdkddkver.h(215): note: see previous definition of '_WIN32_WINNT'
  SeinWallJump.cpp
c:\users\zero\source\repos\willofthewispstas\packages\easyhooknativepackage.2.7.7097\build\native\include\easyhook.h(39): warning C4005: 'NTDDI_VERSION': macro redefinition
  c:\program files (x86)\windows kits\10\include\10.0.17134.0\shared\sdkddkver.h(225): note: see previous definition of 'NTDDI_VERSION'
c:\users\zero\source\repos\willofthewispstas\packages\easyhooknativepackage.2.7.7097\build\native\include\easyhook.h(40): warning C4005: '_WIN32_WINNT': macro redefinition
  c:\program files (x86)\windows kits\10\include\10.0.17134.0\shared\sdkddkver.h(215): note: see previous definition of '_WIN32_WINNT'
  UI_Cameras.cpp
  UnityAnimator.cpp
  UnityEngineEvent.cpp
  UnityEngine_Input.cpp
  UnityPlayer.cpp
  WOTW.TAS.cpp
c:\users\zero\source\repos\willofthewispstas\packages\easyhooknativepackage.2.7.7097\build\native\include\easyhook.h(39): warning C4005: 'NTDDI_VERSION': macro redefinition
  c:\program files (x86)\windows kits\10\include\10.0.17134.0\shared\sdkddkver.h(225): note: see previous definition of 'NTDDI_VERSION'
c:\users\zero\source\repos\willofthewispstas\packages\easyhooknativepackage.2.7.7097\build\native\include\easyhook.h(40): warning C4005: '_WIN32_WINNT': macro redefinition
  c:\program files (x86)\windows kits\10\include\10.0.17134.0\shared\sdkddkver.h(215): note: see previous definition of '_WIN32_WINNT'
c:\users\zero\source\repos\willofthewispstas\wotw.tas\string.h(47): warning C4267: '=': conversion from 'size_t' to 'unsigned long', possible loss of data
c:\users\zero\source\repos\willofthewispstas\wotw.tas\string.h(54): warning C4267: '=': conversion from 'size_t' to 'unsigned long', possible loss of data
c:\users\zero\source\repos\willofthewispstas\wotw.tas\wotw.tas.cpp(494): warning C4477: 'fprintf' : format string '%llx' requires an argument of type 'unsigned __int64', but variadic argument 1 has type 'unsigned __int64 **'
c:\users\zero\source\repos\willofthewispstas\wotw.tas\wotw.tas.cpp(494): warning C4477: 'fprintf' : format string '%llx' requires an argument of type 'unsigned __int64', but variadic argument 2 has type 'unsigned __int64 **'
     Creating library C:\Users\zero\source\repos\WillOfTheWispsTAS\x64\Release\WOTW.TAS.lib and object C:\Users\zero\source\repos\WillOfTheWispsTAS\x64\Release\WOTW.TAS.exp
  Generating code
  903 of 907 functions (99.6%) were compiled, the rest were copied from previous compilation.
    476 functions were new in current compilation
    0 functions had inline decision re-evaluated but remain unchanged
  Finished generating code
  WOTW.TAS.vcxproj -> C:\Users\zero\source\repos\WillOfTheWispsTAS\x64\Release\WOTW.TAS.dll
