c:\users\zero\source\repos\wotw.tas\wotw.tas\x64\release\wotw.tas.pch
c:\users\zero\source\repos\wotw.tas\wotw.tas\x64\release\vc141.pdb
c:\users\zero\source\repos\wotw.tas\wotw.tas\x64\release\stdafx.obj
c:\users\zero\source\repos\wotw.tas\wotw.tas\x64\release\seincombohandler.obj
c:\users\zero\source\repos\wotw.tas\wotw.tas\x64\release\seincharacter.obj
c:\users\zero\source\repos\wotw.tas\wotw.tas\x64\release\screen.obj
c:\users\zero\source\repos\wotw.tas\wotw.tas\x64\release\scenesmanager.obj
c:\users\zero\source\repos\wotw.tas\wotw.tas\x64\release\rigidbody.obj
c:\users\zero\source\repos\wotw.tas\wotw.tas\x64\release\restrictabilitycontroller.obj
c:\users\zero\source\repos\wotw.tas\wotw.tas\x64\release\qualitysettings.obj
c:\users\zero\source\repos\wotw.tas\wotw.tas\x64\release\playbackmanager.obj
c:\users\zero\source\repos\wotw.tas\wotw.tas\x64\release\instantloadscenescontroller.obj
c:\users\zero\source\repos\wotw.tas\wotw.tas\x64\release\iniparser.obj
c:\users\zero\source\repos\wotw.tas\wotw.tas\x64\release\gui.obj
c:\users\zero\source\repos\wotw.tas\wotw.tas\x64\release\gamesettings.obj
c:\users\zero\source\repos\wotw.tas\wotw.tas\x64\release\gamecontroller.obj
c:\users\zero\source\repos\wotw.tas\wotw.tas\x64\release\fixedrandom.obj
c:\users\zero\source\repos\wotw.tas\wotw.tas\x64\release\everythingneedsme.obj
c:\users\zero\source\repos\wotw.tas\wotw.tas\x64\release\easyhookutils.obj
c:\users\zero\source\repos\wotw.tas\wotw.tas\x64\release\dllmain.obj
c:\users\zero\source\repos\wotw.tas\wotw.tas\x64\release\core_input.obj
c:\users\zero\source\repos\wotw.tas\wotw.tas\x64\release\configurationmanager.obj
c:\users\zero\source\repos\wotw.tas\wotw.tas\x64\release\cmd.obj
c:\users\zero\source\repos\wotw.tas\wotw.tas\x64\release\wotw.tas.obj
c:\users\zero\source\repos\wotw.tas\wotw.tas\x64\release\unityplayer.obj
c:\users\zero\source\repos\wotw.tas\wotw.tas\x64\release\unityengine_input.obj
c:\users\zero\source\repos\wotw.tas\wotw.tas\x64\release\unityengineevent.obj
c:\users\zero\source\repos\wotw.tas\wotw.tas\x64\release\unityanimator.obj
c:\users\zero\source\repos\wotw.tas\wotw.tas\x64\release\ui_cameras.obj
c:\users\zero\source\repos\wotw.tas\wotw.tas\x64\release\seinwalljump.obj
c:\users\zero\source\repos\wotw.tas\wotw.tas\x64\release\seindashnew.obj
c:\users\zero\source\repos\wotw.tas\x64\release\wotw.tas.dll
c:\users\zero\source\repos\wotw.tas\x64\release\wotw.tas.pdb
c:\users\zero\source\repos\wotw.tas\x64\release\wotw.tas.lib
c:\users\zero\source\repos\wotw.tas\x64\release\wotw.tas.exp
c:\users\zero\source\repos\wotw.tas\x64\release\wotw.tas.ipdb
c:\users\zero\source\repos\wotw.tas\x64\release\wotw.tas.iobj
c:\users\zero\source\repos\wotw.tas\wotw.tas\x64\release\wotw.tas.tlog\cl.command.1.tlog
c:\users\zero\source\repos\wotw.tas\wotw.tas\x64\release\wotw.tas.tlog\cl.read.1.tlog
c:\users\zero\source\repos\wotw.tas\wotw.tas\x64\release\wotw.tas.tlog\cl.write.1.tlog
c:\users\zero\source\repos\wotw.tas\wotw.tas\x64\release\wotw.tas.tlog\link.command.1.tlog
c:\users\zero\source\repos\wotw.tas\wotw.tas\x64\release\wotw.tas.tlog\link.read.1.tlog
c:\users\zero\source\repos\wotw.tas\wotw.tas\x64\release\wotw.tas.tlog\link.write.1.tlog
c:\users\zero\source\repos\wotw.tas\wotw.tas\x64\release\wotw.tas.tlog\wotw.tas.write.1u.tlog
